<?xml version="1.0" encoding="UTF-8"?>
<!-- Generated by org.testng.reporters.JUnitXMLReporter -->
<testsuite ignored="0" hostname="DESKTOP-1BP2HB6" failures="0" tests="1" name="Test-runner-2" time="62.936" errors="0" timestamp="2024-03-14T15:21:26 IST">
  <testcase classname="ContactsTests.CreateContactWithLeadSourceTest" name="createContactWithLead" time="32.933"/>
</testsuite> <!-- Test-runner-2 -->
