<?xml version="1.0" encoding="UTF-8"?>
<!-- Generated by org.testng.reporters.JUnitXMLReporter -->
<testsuite ignored="0" hostname="DESKTOP-1BP2HB6" failures="0" tests="1" name="Test-runner-crome" time="34.25" errors="0" timestamp="2024-03-15T15:14:01 IST">
  <testcase classname="ContactsTests.CreateNewContactTest" name="createNewContactWithMandatoryfields" time="16.543"/>
</testsuite> <!-- Test-runner-crome -->
