<?xml version="1.0" encoding="UTF-8"?>
<!-- Generated by org.testng.reporters.JUnitXMLReporter -->
<testsuite ignored="0" hostname="DESKTOP-1BP2HB6" failures="0" tests="1" name="Test-runner-edge" time="32.924" errors="0" timestamp="2024-03-15T15:13:59 IST">
  <testcase classname="ContactsTests.CreateNewContactTest" name="createNewContactWithMandatoryfields" time="16.849"/>
</testsuite> <!-- Test-runner-edge -->
