<?xml version="1.0" encoding="UTF-8"?>
<!-- Generated by org.testng.reporters.JUnitReportReporter -->
<testsuite hostname="DESKTOP-1BP2HB6" failures="0" tests="1" name="ContactsTests.CreateContactWithLeadSourceTest" time="47.196" errors="0" timestamp="2024-03-14T15:21:26 IST" skipped="0">
  <testcase classname="ContactsTests.CreateContactWithLeadSourceTest" name="createContactWithLead" time="47.196"/>
  <system-out/>
</testsuite> <!-- ContactsTests.CreateContactWithLeadSourceTest -->
